{
  "RSpec": {
    "coverage": {
      "/home/rdalin/Dropbox/codechallenge/MovieTheater/spec/controllers/auditoriums_controller_spec.rb": [
        1,
        null,
        1,
        null,
        1,
        1,
        1,
        1,
        null,
        null,
        null,
        null
      ],
      "/home/rdalin/Dropbox/codechallenge/MovieTheater/spec/rails_helper.rb": [
        null,
        1,
        1,
        null,
        1,
        1,
        1,
        1,
        null,
        null,
        null,
        null,
        null,
        null,
        null,
        null,
        null,
        null,
        null,
        null,
        null,
        null,
        null,
        null,
        null,
        null,
        null,
        1,
        null,
        1,
        null,
        1,
        null,
        null,
        null,
        null,
        1,
        null,
        null,
        null,
        null,
        null,
        null,
        null,
        null,
        null,
        null,
        null,
        null,
        null,
        null,
        1,
        null,
        null,
        1,
        null,
        null,
        null
      ],
      "/home/rdalin/Dropbox/codechallenge/MovieTheater/config/environment.rb": [
        null,
        1,
        null,
        null,
        1
      ],
      "/home/rdalin/Dropbox/codechallenge/MovieTheater/config/application.rb": [
        1,
        null,
        null,
        1,
        1,
        1,
        1,
        1,
        1,
        1,
        null,
        null,
        null,
        null,
        1,
        null,
        1,
        1,
        null,
        null,
        null,
        null,
        null,
        null,
        null,
        null,
        null,
        null,
        null,
        null,
        null,
        1,
        null,
        null
      ],
      "/home/rdalin/Dropbox/codechallenge/MovieTheater/config/boot.rb": [
        1,
        null,
        1
      ],
      "/home/rdalin/Dropbox/codechallenge/MovieTheater/config/environments/test.rb": [
        1,
        null,
        null,
        null,
        null,
        null,
        null,
        1,
        null,
        null,
        null,
        null,
        1,
        null,
        null,
        1,
        1,
        null,
        null,
        1,
        1,
        null,
        null,
        1,
        null,
        null,
        1,
        null,
        null,
        null,
        null,
        1,
        null,
        null,
        1,
        null,
        null,
        1,
        null,
        null,
        null,
        null
      ],
      "/home/rdalin/Dropbox/codechallenge/MovieTheater/config/initializers/assets.rb": [
        null,
        null,
        null,
        1,
        null,
        null,
        null,
        null,
        null,
        null,
        null
      ],
      "/home/rdalin/Dropbox/codechallenge/MovieTheater/config/initializers/backtrace_silencers.rb": [
        null,
        null,
        null,
        null,
        null,
        null,
        null
      ],
      "/home/rdalin/Dropbox/codechallenge/MovieTheater/config/initializers/cookies_serializer.rb": [
        null,
        null,
        1
      ],
      "/home/rdalin/Dropbox/codechallenge/MovieTheater/config/initializers/filter_parameter_logging.rb": [
        null,
        null,
        null,
        1
      ],
      "/home/rdalin/Dropbox/codechallenge/MovieTheater/config/initializers/inflections.rb": [
        null,
        null,
        null,
        null,
        null,
        null,
        null,
        null,
        null,
        null,
        null,
        null,
        null,
        null,
        null,
        null
      ],
      "/home/rdalin/Dropbox/codechallenge/MovieTheater/config/initializers/mime_types.rb": [
        null,
        null,
        null,
        null
      ],
      "/home/rdalin/Dropbox/codechallenge/MovieTheater/config/initializers/session_store.rb": [
        null,
        null,
        1
      ],
      "/home/rdalin/Dropbox/codechallenge/MovieTheater/config/initializers/wrap_parameters.rb": [
        null,
        null,
        null,
        null,
        null,
        null,
        1,
        1,
        null,
        null,
        null,
        null,
        null,
        null
      ],
      "/home/rdalin/Dropbox/codechallenge/MovieTheater/config/routes.rb": [
        1,
        null,
        1,
        1,
        1,
        null,
        1,
        1,
        null,
        1,
        1,
        null,
        null,
        1,
        1,
        null,
        null
      ],
      "/home/rdalin/Dropbox/codechallenge/MovieTheater/app/controllers/auditoriums_controller.rb": [
        1,
        1,
        7,
        null,
        1,
        2,
        null,
        1,
        0,
        null,
        1,
        1,
        1,
        1,
        1,
        1,
        null,
        0,
        0,
        null,
        null,
        1,
        0,
        0,
        0,
        null,
        0,
        null,
        null,
        null,
        1,
        0,
        0,
        0,
        null,
        1,
        null,
        1,
        1,
        null,
        null
      ],
      "/home/rdalin/Dropbox/codechallenge/MovieTheater/app/controllers/application_controller.rb": [
        1,
        null,
        null,
        1,
        null
      ],
      "/home/rdalin/Dropbox/codechallenge/MovieTheater/spec/controllers/movies_controller_spec.rb": [
        1,
        null,
        1,
        null,
        1,
        1,
        1,
        1,
        null,
        null,
        null
      ],
      "/home/rdalin/Dropbox/codechallenge/MovieTheater/app/controllers/movies_controller.rb": [
        1,
        1,
        4,
        null,
        1,
        1,
        null,
        1,
        0,
        null,
        1,
        1,
        null,
        1,
        1,
        1,
        1,
        1,
        null,
        0,
        0,
        null,
        null,
        1,
        1,
        1,
        null,
        null,
        null,
        null,
        1,
        1,
        1,
        1,
        null,
        0,
        0,
        null,
        null,
        null,
        1,
        0,
        0,
        0,
        null,
        null,
        1,
        0,
        null,
        1,
        1,
        1,
        null,
        null,
        null
      ],
      "/home/rdalin/Dropbox/codechallenge/MovieTheater/spec/controllers/purchase_controller_spec.rb": [
        1,
        null,
        1,
        null
      ],
      "/home/rdalin/Dropbox/codechallenge/MovieTheater/app/controllers/purchase_controller.rb": [
        1,
        1,
        1,
        1,
        null,
        1,
        1,
        1,
        null,
        null,
        null,
        1,
        1,
        1,
        1,
        1,
        1,
        1,
        1,
        1,
        null,
        0,
        null,
        null,
        0,
        0,
        0,
        0,
        0,
        null,
        null,
        null,
        1,
        null,
        1,
        1,
        null,
        1,
        0,
        null,
        null,
        null
      ],
      "/home/rdalin/Dropbox/codechallenge/MovieTheater/spec/controllers/tickets_controller_spec.rb": [
        1,
        null,
        1,
        null,
        1,
        1,
        1,
        1,
        null,
        null,
        null
      ],
      "/home/rdalin/Dropbox/codechallenge/MovieTheater/app/controllers/tickets_controller.rb": [
        1,
        1,
        2,
        null,
        null
      ],
      "/home/rdalin/Dropbox/codechallenge/MovieTheater/spec/controllers/welcome_controller_spec.rb": [
        1,
        null,
        1,
        null,
        1,
        1,
        1,
        1,
        null,
        null,
        null,
        null
      ],
      "/home/rdalin/Dropbox/codechallenge/MovieTheater/app/controllers/welcome_controller.rb": [
        1,
        1,
        9,
        9,
        null,
        null
      ],
      "/home/rdalin/Dropbox/codechallenge/MovieTheater/spec/features/basic_naviation_spec.rb": [
        1,
        null,
        1,
        1,
        3,
        null,
        null,
        1,
        1,
        1,
        null,
        1,
        1,
        1,
        null,
        null,
        1,
        1,
        1,
        null,
        null
      ],
      "/home/rdalin/Dropbox/codechallenge/MovieTheater/spec/features/creating_new_auditoriums_spec.rb": [
        1,
        null,
        null,
        1,
        1,
        2,
        2,
        null,
        1,
        1,
        1,
        1,
        null,
        null,
        1,
        1,
        1,
        1,
        1,
        null,
        1,
        1,
        null,
        null
      ],
      "/home/rdalin/Dropbox/codechallenge/MovieTheater/spec/features/creating_new_movies_spec.rb": [
        1,
        null,
        1,
        1,
        1,
        1,
        1,
        1,
        1,
        null,
        null,
        1,
        null,
        1,
        1,
        1,
        1,
        null,
        1,
        1,
        null,
        null,
        null
      ],
      "/home/rdalin/Dropbox/codechallenge/MovieTheater/spec/features/making_ticket_purchases_spec.rb": [
        1,
        null,
        1,
        1,
        1,
        1,
        null,
        null,
        1,
        1,
        null,
        null,
        1,
        1,
        1,
        1,
        1,
        1,
        1,
        1,
        null,
        null,
        1,
        1,
        null,
        null
      ],
      "/home/rdalin/Dropbox/codechallenge/MovieTheater/spec/features/updating_movies_spec.rb": [
        1,
        null,
        1,
        1,
        1,
        1,
        null,
        null,
        1,
        1,
        1,
        1,
        1,
        1,
        null,
        1,
        1,
        null,
        null
      ],
      "/home/rdalin/Dropbox/codechallenge/MovieTheater/spec/integration/movie_creation_spec.rb": [
        1,
        null,
        1,
        1,
        2,
        null,
        1,
        2,
        null,
        null,
        2,
        2,
        1,
        1,
        1,
        null,
        1,
        1,
        1,
        null,
        1,
        1,
        1,
        1,
        null,
        1,
        1,
        1,
        1,
        null,
        null,
        null,
        1,
        2,
        null,
        1,
        1,
        1,
        null,
        1,
        1,
        null,
        1,
        1,
        1,
        null,
        1,
        1,
        1,
        1,
        1,
        1,
        1,
        1,
        1,
        1,
        null,
        null,
        null
      ],
      "/home/rdalin/Dropbox/codechallenge/MovieTheater/spec/integration/ticket_purchase_spec.rb": [
        1,
        null,
        1,
        1,
        4,
        null,
        1,
        4,
        null,
        5,
        1,
        4,
        null,
        null,
        null,
        null,
        null,
        null,
        1,
        1,
        1,
        1,
        1,
        1,
        1,
        null,
        null,
        1,
        1,
        1,
        1,
        null,
        null,
        1,
        1,
        1,
        4,
        1,
        1,
        null,
        null,
        1,
        1,
        1,
        4,
        1,
        1,
        null,
        null
      ],
      "/home/rdalin/Dropbox/codechallenge/MovieTheater/spec/mailers/user_mailer_spec.rb": [
        1,
        null,
        1,
        null
      ],
      "/home/rdalin/Dropbox/codechallenge/MovieTheater/app/mailers/user_mailer.rb": [
        1,
        1,
        1,
        1,
        null,
        null
      ],
      "/home/rdalin/Dropbox/codechallenge/MovieTheater/app/mailers/application_mailer.rb": [
        1,
        1,
        1,
        null
      ],
      "/home/rdalin/Dropbox/codechallenge/MovieTheater/spec/models/auditorium_spec.rb": [
        1,
        null,
        1,
        2,
        2,
        2,
        3,
        1,
        1,
        1,
        null,
        1,
        1,
        null,
        1,
        1,
        null,
        1,
        1,
        null,
        1,
        1,
        1,
        null,
        null,
        null
      ],
      "/home/rdalin/Dropbox/codechallenge/MovieTheater/app/models/auditorium.rb": [
        1,
        1,
        1,
        1,
        1,
        null,
        1,
        0,
        0,
        0,
        null,
        0,
        null,
        null
      ],
      "/home/rdalin/Dropbox/codechallenge/MovieTheater/spec/models/creditcard_spec.rb": [
        1,
        null,
        1,
        1,
        4,
        null,
        1,
        4,
        null,
        2,
        2,
        2,
        2,
        2,
        2,
        2,
        2,
        1,
        1,
        1,
        null,
        1,
        1,
        1,
        1,
        1,
        1,
        null,
        1,
        1,
        1,
        null,
        1,
        1,
        1,
        null,
        null,
        null
      ],
      "/home/rdalin/Dropbox/codechallenge/MovieTheater/app/models/creditcard.rb": [
        1,
        1,
        1,
        1,
        1,
        1,
        1,
        null,
        1,
        null,
        1,
        24,
        4,
        null,
        null,
        23,
        null,
        null,
        1,
        24,
        4,
        null,
        null,
        23,
        null,
        null
      ],
      "/home/rdalin/Dropbox/codechallenge/MovieTheater/spec/models/movie_spec.rb": [
        1,
        null,
        1,
        1,
        6,
        null,
        1,
        6,
        null,
        1,
        2,
        2,
        1,
        1,
        null,
        1,
        1,
        1,
        null,
        null,
        1,
        2,
        1,
        1,
        1,
        1,
        1,
        1,
        null,
        null,
        1,
        2,
        1,
        1,
        1,
        null,
        null,
        1,
        1,
        null,
        null,
        null,
        1,
        2,
        2,
        1,
        1,
        null,
        1,
        1,
        null,
        null,
        null
      ],
      "/home/rdalin/Dropbox/codechallenge/MovieTheater/app/models/movie.rb": [
        1,
        1,
        1,
        1,
        1,
        null,
        1,
        3,
        null,
        1,
        2,
        null,
        1,
        3,
        null,
        1,
        36,
        null,
        1,
        84,
        null,
        1,
        0,
        null,
        1,
        0,
        null,
        null,
        null,
        1,
        1,
        12,
        null,
        1,
        15,
        null,
        1,
        30,
        28,
        43,
        null,
        1,
        5,
        null,
        30,
        null,
        1,
        0,
        null,
        0,
        null,
        null
      ],
      "/home/rdalin/Dropbox/codechallenge/MovieTheater/spec/models/ticket_spec.rb": [
        1,
        null,
        1,
        1,
        4,
        null,
        1,
        4,
        null,
        5,
        5,
        2,
        1,
        1,
        1,
        1,
        1,
        1,
        null,
        1,
        1,
        1,
        null,
        null,
        null,
        1,
        1,
        null,
        1,
        1,
        1,
        null,
        null,
        null,
        1,
        1,
        null,
        1,
        1,
        1,
        5,
        5,
        5,
        null,
        1,
        1,
        1,
        1,
        1,
        null,
        null,
        null
      ],
      "/home/rdalin/Dropbox/codechallenge/MovieTheater/app/models/ticket.rb": [
        1,
        1,
        1,
        1,
        1,
        null,
        1,
        null,
        1,
        30,
        30,
        null,
        1,
        2,
        null,
        null,
        30,
        null,
        1,
        1,
        null,
        null,
        30,
        null,
        null
      ],
      "/home/rdalin/Dropbox/codechallenge/MovieTheater/spec/models/user_spec.rb": [
        1,
        null,
        1,
        2,
        3,
        2,
        2,
        2,
        1,
        1,
        1,
        null,
        1,
        1,
        null,
        1,
        1,
        null,
        1,
        1,
        1,
        null,
        null,
        1,
        1,
        1,
        null,
        1,
        1,
        null,
        2,
        2,
        1,
        1,
        1,
        1,
        1,
        null,
        null,
        null
      ],
      "/home/rdalin/Dropbox/codechallenge/MovieTheater/app/models/user.rb": [
        1,
        1,
        1,
        1,
        1,
        1,
        null,
        1,
        1,
        19,
        null,
        null,
        1,
        19,
        2,
        null,
        null,
        18,
        null,
        null
      ]
    },
    "timestamp": 1485648349
  }
}
